#
# A fatal error has been detected by the Java Runtime Environment:
#
#  EXCEPTION_ACCESS_VIOLATION (0xc0000005) at pc=0x000000006fcb8ad5, pid=67968, tid=6384
#
# JRE version: Java(TM) SE Runtime Environment (8.0_71-b15) (build 1.8.0_71-b15)
# Java VM: Java HotSpot(TM) 64-Bit Server VM (25.71-b15 mixed mode windows-amd64 compressed oops)
# Problematic frame:
# V  [jvm.dll+0x128ad5]
#
# Failed to write core dump. Minidumps are not enabled by default on client versions of Windows
#
# If you would like to submit a bug report, please visit:
#   http://bugreport.java.com/bugreport/crash.jsp
#

---------------  T H R E A D  ---------------

Current thread (0x000000005515c800):  JavaThread "JDWP Transport Listener: dt_socket" daemon [_thread_in_vm, id=6384, stack(0x0000000056ec0000,0x0000000056fc0000)]

siginfo: ExceptionCode=0xc0000005, reading address 0xffffffffffffffff

Registers:
RAX=0x0000000056fbf201, RBX=0x000000005515c800, RCX=0x63656a624f2f676e, RDX=0x0000000000000000
RSP=0x0000000056fbf230, RBP=0x63656a624f2f676e, RSI=0x0000000056fbf348, RDI=0x00000000024e90d0
R8 =0x000000005515c800, R9 =0x000000000000ff00, R10=0x0000000000000000, R11=0x00000047000a0003
R12=0x0000000000000000, R13=0x000000005515fc28, R14=0x0000000000000000, R15=0x0000000000000000
RIP=0x000000006fcb8ad5, EFLAGS=0x0000000000010202

Top of Stack: (sp=0x0000000056fbf230)
0x0000000056fbf230:   000000005515c800 000000005515c800
0x0000000056fbf240:   0000000056fbf2f8 000000006febe34b
0x0000000056fbf250:   000000005515c800 000000006fedabad
0x0000000056fbf260:   0000000000000000 000000006d6b9155
0x0000000056fbf270:   000000005a9d3a78 000000006d6c291e
0x0000000056fbf280:   000000005515c800 0000000000000000
0x0000000056fbf290:   0000000000000000 0000000000000000
0x0000000056fbf2a0:   63656a624f2f676e 000000006d6c1a15
0x0000000056fbf2b0:   0000000056fbf348 0000000056fbf320
0x0000000056fbf2c0:   0000000000000001 000000005a9d3a78
0x0000000056fbf2d0:   63656a624f2f676e 000000006d6a53b3
0x0000000056fbf2e0:   0000000056fbf410 0000000000000001
0x0000000056fbf2f0:   0000000000000001 000000005a9d3a78
0x0000000056fbf300:   0000000000000001 0000000000000000
0x0000000056fbf310:   0000000000000000 0000000000000000
0x0000000056fbf320:   0000000000000001 000000006d6a5571 

Instructions: (pc=0x000000006fcb8ad5)
0x000000006fcb8ab5:   cc cc cc cc cc cc cc cc cc cc cc 48 83 ec 28 48
0x000000006fcb8ac5:   85 c9 75 07 33 c0 48 83 c4 28 c3 48 89 5c 24 20
0x000000006fcb8ad5:   48 8b 19 48 85 db 74 20 48 83 fb 37 74 1a 48 8b
0x000000006fcb8ae5:   13 48 8b cb ff 52 10 84 c0 74 0d 48 8b c3 48 8b 


Register to memory mapping:

RAX=0x0000000056fbf201 is pointing into the stack for thread: 0x000000005515c800
RBX=0x000000005515c800 is a thread
RCX=0x63656a624f2f676e is an unknown value
RDX=0x0000000000000000 is an unknown value
RSP=0x0000000056fbf230 is pointing into the stack for thread: 0x000000005515c800
RBP=0x63656a624f2f676e is an unknown value
RSI=0x0000000056fbf348 is pointing into the stack for thread: 0x000000005515c800
RDI=0x00000000024e90d0 is an unknown value
R8 =0x000000005515c800 is a thread
R9 =0x000000000000ff00 is an unknown value
R10=0x0000000000000000 is an unknown value
R11=0x00000047000a0003 is an unknown value
R12=0x0000000000000000 is an unknown value
R13=0x000000005515fc28 is an unknown value
R14=0x0000000000000000 is an unknown value
R15=0x0000000000000000 is an unknown value


Stack: [0x0000000056ec0000,0x0000000056fc0000],  sp=0x0000000056fbf230,  free space=1020k
Native frames: (J=compiled Java code, j=interpreted, Vv=VM code, C=native code)
V  [jvm.dll+0x128ad5]
V  [jvm.dll+0x34abad]
C  [jdwp.dll+0x21a15]
C  [jdwp.dll+0x53b3]
C  [jdwp.dll+0x5571]
C  [jdwp.dll+0xf0a8]
C  [jdwp.dll+0x1f2d5]
C  [jdwp.dll+0x1f4aa]
V  [jvm.dll+0x1bbb58]
V  [jvm.dll+0x243234]
V  [jvm.dll+0x29a10a]
C  [msvcr100.dll+0x21d9f]
C  [msvcr100.dll+0x21e3b]
C  [kernel32.dll+0x159ed]
C  [ntdll.dll+0x2b371]


---------------  P R O C E S S  ---------------

Java Threads: ( => current thread )
  0x000000005c25b800 JavaThread "Prism Font Disposer" daemon [_thread_blocked, id=6320, stack(0x000000005d830000,0x000000005d930000)]
  0x0000000057e9c000 JavaThread "JavaFX-Launcher" [_thread_blocked, id=12624, stack(0x000000005a770000,0x000000005a870000)]
  0x0000000057df8800 JavaThread "Thread-2" daemon [_thread_in_native, id=31664, stack(0x000000005a4c0000,0x000000005a5c0000)]
  0x0000000057d6b800 JavaThread "JavaFX Application Thread" [_thread_in_native, id=4812, stack(0x0000000058af0000,0x0000000058bf0000)]
  0x0000000057d74800 JavaThread "Thread-1" daemon [_thread_blocked, id=15816, stack(0x00000000586d0000,0x00000000587d0000)]
  0x000000005672f800 JavaThread "QuantumRenderer-0" daemon [_thread_blocked, id=32288, stack(0x0000000057b40000,0x0000000057c40000)]
  0x000000005646f800 JavaThread "Service Thread" daemon [_thread_blocked, id=15168, stack(0x0000000057a20000,0x0000000057b20000)]
  0x00000000563ea800 JavaThread "C1 CompilerThread2" daemon [_thread_blocked, id=1836, stack(0x0000000057810000,0x0000000057910000)]
  0x00000000563e9000 JavaThread "C2 CompilerThread1" daemon [_thread_blocked, id=6980, stack(0x0000000057680000,0x0000000057780000)]
  0x00000000563e4000 JavaThread "C2 CompilerThread0" daemon [_thread_blocked, id=67872, stack(0x0000000057440000,0x0000000057540000)]
  0x00000000563d8000 JavaThread "JDWP Command Reader" daemon [_thread_in_native, id=14000, stack(0x0000000057080000,0x0000000057180000)]
  0x00000000563d5000 JavaThread "JDWP Event Helper Thread" daemon [_thread_blocked, id=3400, stack(0x00000000572d0000,0x00000000573d0000)]
=>0x000000005515c800 JavaThread "JDWP Transport Listener: dt_socket" daemon [_thread_in_vm, id=6384, stack(0x0000000056ec0000,0x0000000056fc0000)]
  0x00000000563c9000 JavaThread "Attach Listener" daemon [_thread_blocked, id=8228, stack(0x0000000056a20000,0x0000000056b20000)]
  0x00000000563c6800 JavaThread "Signal Dispatcher" daemon [_thread_blocked, id=15704, stack(0x0000000056910000,0x0000000056a10000)]
  0x00000000550fb000 JavaThread "Finalizer" daemon [_thread_blocked, id=7456, stack(0x00000000562c0000,0x00000000563c0000)]
  0x00000000550f4000 JavaThread "Reference Handler" daemon [_thread_blocked, id=12748, stack(0x0000000056180000,0x0000000056280000)]
  0x000000000241c000 JavaThread "main" [_thread_blocked, id=67300, stack(0x0000000002740000,0x0000000002840000)]

Other Threads:
  0x00000000550ee800 VMThread [stack: 0x0000000056060000,0x0000000056160000] [id=4592]
  0x0000000056487800 WatcherThread [stack: 0x0000000057c60000,0x0000000057d60000] [id=18004]

VM state:not at safepoint (normal execution)

VM Mutex/Monitor currently owned by a thread: None

Heap:
 PSYoungGen      total 76800K, used 53381K [0x00000000ec580000, 0x00000000f3100000, 0x0000000100000000)
  eden space 66048K, 64% used [0x00000000ec580000,0x00000000eef22b88,0x00000000f0600000)
  from space 10752K, 99% used [0x00000000f1300000,0x00000000f1d7e990,0x00000000f1d80000)
  to   space 13312K, 0% used [0x00000000f0600000,0x00000000f0600000,0x00000000f1300000)
 ParOldGen       total 32768K, used 15390K [0x00000000c5000000, 0x00000000c7000000, 0x00000000ec580000)
  object space 32768K, 46% used [0x00000000c5000000,0x00000000c5f07b80,0x00000000c7000000)
 Metaspace       used 34247K, capacity 35794K, committed 35828K, reserved 1079296K
  class space    used 4776K, capacity 5090K, committed 5120K, reserved 1048576K

Card table byte_map: [0x0000000011ed0000,0x00000000120b0000] byte_map_base: 0x00000000118a8000

Marking Bits: (ParMarkBitMap*) 0x000000007039f600
 Begin Bits: [0x0000000012800000, 0x00000000136c0000)
 End Bits:   [0x00000000136c0000, 0x0000000014580000)

Polling page: 0x0000000000140000

CodeCache: size=245760Kb used=18896Kb max_used=18909Kb free=226863Kb
 bounds [0x0000000002b10000, 0x0000000003da0000, 0x0000000011b10000]
 total_blobs=6044 nmethods=5285 adapters=678
 compilation: enabled

Compilation events (10 events):
Event: 133.695 Thread 0x00000000563e9000 nmethod 5791 0x0000000003d5abd0 code [0x0000000003d5ad20, 0x0000000003d5ae38]
Event: 133.695 Thread 0x00000000563ea800 5788       3       com.sun.javafx.binding.ExpressionHelper$Generic::removeListener (216 bytes)
Event: 133.696 Thread 0x00000000563ea800 nmethod 5788 0x0000000003d92690 code [0x0000000003d928e0, 0x0000000003d93a18]
Event: 133.696 Thread 0x00000000563ea800 5792       3       javafx.scene.layout.Region::boundedSize (44 bytes)
Event: 133.696 Thread 0x00000000563ea800 nmethod 5792 0x0000000003d5a750 code [0x0000000003d5a8c0, 0x0000000003d5ab50]
Event: 133.696 Thread 0x00000000563ea800 5793       3       javafx.scene.layout.Region::snapSpace (9 bytes)
Event: 133.697 Thread 0x00000000563ea800 nmethod 5793 0x0000000003d5a210 code [0x0000000003d5a380, 0x0000000003d5a668]
Event: 133.697 Thread 0x00000000563ea800 5789       3       javafx.scene.layout.BorderStroke::equals (220 bytes)
Event: 133.697 Thread 0x00000000563ea800 nmethod 5789 0x0000000003d91090 code [0x0000000003d912e0, 0x0000000003d92268]
Event: 133.705 Thread 0x00000000563e4000 nmethod 5787 0x0000000003d97890 code [0x0000000003d97a60, 0x0000000003d98248]

GC Heap History (10 events):
Event: 3.008 GC heap before
{Heap before GC invocations=5 (full 0):
 PSYoungGen      total 33280K, used 24677K [0x00000000ec580000, 0x00000000ee880000, 0x0000000100000000)
  eden space 30720K, 72% used [0x00000000ec580000,0x00000000edb1d400,0x00000000ee380000)
  from space 2560K, 99% used [0x00000000ee600000,0x00000000ee87c030,0x00000000ee880000)
  to   space 2560K, 0% used [0x00000000ee380000,0x00000000ee380000,0x00000000ee600000)
 ParOldGen       total 40960K, used 7217K [0x00000000c5000000, 0x00000000c7800000, 0x00000000ec580000)
  object space 40960K, 17% used [0x00000000c5000000,0x00000000c570c560,0x00000000c7800000)
 Metaspace       used 20821K, capacity 21184K, committed 21296K, reserved 1067008K
  class space    used 2802K, capacity 2934K, committed 2944K, reserved 1048576K
Event: 3.015 GC heap after
Heap after GC invocations=5 (full 0):
 PSYoungGen      total 33280K, used 2528K [0x00000000ec580000, 0x00000000f0d80000, 0x0000000100000000)
  eden space 30720K, 0% used [0x00000000ec580000,0x00000000ec580000,0x00000000ee380000)
  from space 2560K, 98% used [0x00000000ee380000,0x00000000ee5f8040,0x00000000ee600000)
  to   space 6144K, 0% used [0x00000000f0780000,0x00000000f0780000,0x00000000f0d80000)
 ParOldGen       total 40960K, used 9207K [0x00000000c5000000, 0x00000000c7800000, 0x00000000ec580000)
  object space 40960K, 22% used [0x00000000c5000000,0x00000000c58fdf38,0x00000000c7800000)
 Metaspace       used 20821K, capacity 21184K, committed 21296K, reserved 1067008K
  class space    used 2802K, capacity 2934K, committed 2944K, reserved 1048576K
}
Event: 3.015 GC heap before
{Heap before GC invocations=6 (full 1):
 PSYoungGen      total 33280K, used 2528K [0x00000000ec580000, 0x00000000f0d80000, 0x0000000100000000)
  eden space 30720K, 0% used [0x00000000ec580000,0x00000000ec580000,0x00000000ee380000)
  from space 2560K, 98% used [0x00000000ee380000,0x00000000ee5f8040,0x00000000ee600000)
  to   space 6144K, 0% used [0x00000000f0780000,0x00000000f0780000,0x00000000f0d80000)
 ParOldGen       total 40960K, used 9207K [0x00000000c5000000, 0x00000000c7800000, 0x00000000ec580000)
  object space 40960K, 22% used [0x00000000c5000000,0x00000000c58fdf38,0x00000000c7800000)
 Metaspace       used 20821K, capacity 21184K, committed 21296K, reserved 1067008K
  class space    used 2802K, capacity 2934K, committed 2944K, reserved 1048576K
Event: 3.053 GC heap after
Heap after GC invocations=6 (full 1):
 PSYoungGen      total 33280K, used 0K [0x00000000ec580000, 0x00000000f0d80000, 0x0000000100000000)
  eden space 30720K, 0% used [0x00000000ec580000,0x00000000ec580000,0x00000000ee380000)
  from space 2560K, 0% used [0x00000000ee380000,0x00000000ee380000,0x00000000ee600000)
  to   space 6144K, 0% used [0x00000000f0780000,0x00000000f0780000,0x00000000f0d80000)
 ParOldGen       total 32768K, used 5815K [0x00000000c5000000, 0x00000000c7000000, 0x00000000ec580000)
  object space 32768K, 17% used [0x00000000c5000000,0x00000000c55add28,0x00000000c7000000)
 Metaspace       used 20821K, capacity 21184K, committed 21296K, reserved 1067008K
  class space    used 2802K, capacity 2934K, committed 2944K, reserved 1048576K
}
Event: 4.126 GC heap before
{Heap before GC invocations=7 (full 1):
 PSYoungGen      total 33280K, used 30720K [0x00000000ec580000, 0x00000000f0d80000, 0x0000000100000000)
  eden space 30720K, 100% used [0x00000000ec580000,0x00000000ee380000,0x00000000ee380000)
  from space 2560K, 0% used [0x00000000ee380000,0x00000000ee380000,0x00000000ee600000)
  to   space 6144K, 0% used [0x00000000f0780000,0x00000000f0780000,0x00000000f0d80000)
 ParOldGen       total 32768K, used 5815K [0x00000000c5000000, 0x00000000c7000000, 0x00000000ec580000)
  object space 32768K, 17% used [0x00000000c5000000,0x00000000c55add28,0x00000000c7000000)
 Metaspace       used 25814K, capacity 26398K, committed 26752K, reserved 1073152K
  class space    used 3532K, capacity 3700K, committed 3712K, reserved 1048576K
Event: 4.136 GC heap after
Heap after GC invocations=7 (full 1):
 PSYoungGen      total 51712K, used 5097K [0x00000000ec580000, 0x00000000f0c80000, 0x0000000100000000)
  eden space 46592K, 0% used [0x00000000ec580000,0x00000000ec580000,0x00000000ef300000)
  from space 5120K, 99% used [0x00000000f0780000,0x00000000f0c7a488,0x00000000f0c80000)
  to   space 6656K, 0% used [0x00000000eff80000,0x00000000eff80000,0x00000000f0600000)
 ParOldGen       total 32768K, used 5887K [0x00000000c5000000, 0x00000000c7000000, 0x00000000ec580000)
  object space 32768K, 17% used [0x00000000c5000000,0x00000000c55bfd38,0x00000000c7000000)
 Metaspace       used 25814K, capacity 26398K, committed 26752K, reserved 1073152K
  class space    used 3532K, capacity 3700K, committed 3712K, reserved 1048576K
}
Event: 7.339 GC heap before
{Heap before GC invocations=8 (full 1):
 PSYoungGen      total 51712K, used 51689K [0x00000000ec580000, 0x00000000f0c80000, 0x0000000100000000)
  eden space 46592K, 100% used [0x00000000ec580000,0x00000000ef300000,0x00000000ef300000)
  from space 5120K, 99% used [0x00000000f0780000,0x00000000f0c7a488,0x00000000f0c80000)
  to   space 6656K, 0% used [0x00000000eff80000,0x00000000eff80000,0x00000000f0600000)
 ParOldGen       total 32768K, used 5887K [0x00000000c5000000, 0x00000000c7000000, 0x00000000ec580000)
  object space 32768K, 17% used [0x00000000c5000000,0x00000000c55bfd38,0x00000000c7000000)
 Metaspace       used 32554K, capacity 34014K, committed 34176K, reserved 1079296K
  class space    used 4652K, capacity 4950K, committed 4992K, reserved 1048576K
Event: 7.359 GC heap after
Heap after GC invocations=8 (full 1):
 PSYoungGen      total 66048K, used 6640K [0x00000000ec580000, 0x00000000f1d80000, 0x0000000100000000)
  eden space 59392K, 0% used [0x00000000ec580000,0x00000000ec580000,0x00000000eff80000)
  from space 6656K, 99% used [0x00000000eff80000,0x00000000f05fc030,0x00000000f0600000)
  to   space 10752K, 0% used [0x00000000f1300000,0x00000000f1300000,0x00000000f1d80000)
 ParOldGen       total 32768K, used 13302K [0x00000000c5000000, 0x00000000c7000000, 0x00000000ec580000)
  object space 32768K, 40% used [0x00000000c5000000,0x00000000c5cfdb80,0x00000000c7000000)
 Metaspace       used 32554K, capacity 34014K, committed 34176K, reserved 1079296K
  class space    used 4652K, capacity 4950K, committed 4992K, reserved 1048576K
}
Event: 115.222 GC heap before
{Heap before GC invocations=9 (full 1):
 PSYoungGen      total 66048K, used 45035K [0x00000000ec580000, 0x00000000f1d80000, 0x0000000100000000)
  eden space 59392K, 64% used [0x00000000ec580000,0x00000000eeafeea8,0x00000000eff80000)
  from space 6656K, 99% used [0x00000000eff80000,0x00000000f05fc030,0x00000000f0600000)
  to   space 10752K, 0% used [0x00000000f1300000,0x00000000f1300000,0x00000000f1d80000)
 ParOldGen       total 32768K, used 13302K [0x00000000c5000000, 0x00000000c7000000, 0x00000000ec580000)
  object space 32768K, 40% used [0x00000000c5000000,0x00000000c5cfdb80,0x00000000c7000000)
 Metaspace       used 33971K, capacity 35530K, committed 35752K, reserved 1079296K
  class space    used 4774K, capacity 5090K, committed 5120K, reserved 1048576K
Event: 115.286 GC heap after
Heap after GC invocations=9 (full 1):
 PSYoungGen      total 76800K, used 10746K [0x00000000ec580000, 0x00000000f3100000, 0x0000000100000000)
  eden space 66048K, 0% used [0x00000000ec580000,0x00000000ec580000,0x00000000f0600000)
  from space 10752K, 99% used [0x00000000f1300000,0x00000000f1d7e990,0x00000000f1d80000)
  to   space 13312K, 0% used [0x00000000f0600000,0x00000000f0600000,0x00000000f1300000)
 ParOldGen       total 32768K, used 15390K [0x00000000c5000000, 0x00000000c7000000, 0x00000000ec580000)
  object space 32768K, 46% used [0x00000000c5000000,0x00000000c5f07b80,0x00000000c7000000)
 Metaspace       used 33971K, capacity 35530K, committed 35752K, reserved 1079296K
  class space    used 4774K, capacity 5090K, committed 5120K, reserved 1048576K
}

Deoptimization events (10 events):
Event: 114.914 Thread 0x000000005672f800 Uncommon trap: reason=unstable_if action=reinterpret pc=0x000000000371b090 method=java.lang.Math.round(F)I @ 36
Event: 114.914 Thread 0x000000005672f800 Uncommon trap: reason=unstable_if action=reinterpret pc=0x0000000003973840 method=java.lang.Math.round(F)I @ 36
Event: 114.915 Thread 0x000000005672f800 Uncommon trap: reason=unstable_if action=reinterpret pc=0x0000000003912450 method=java.lang.Math.round(F)I @ 36
Event: 114.915 Thread 0x000000005672f800 Uncommon trap: reason=unstable_if action=reinterpret pc=0x0000000002eb0298 method=java.lang.Math.round(F)I @ 36
Event: 117.161 Thread 0x000000005672f800 Uncommon trap: reason=unstable_if action=reinterpret pc=0x0000000003bd921c method=com.sun.javafx.sg.prism.NGNode.renderRectClip(Lcom/sun/prism/Graphics;Lcom/sun/javafx/sg/prism/NGRectangle;)V @ 82
Event: 117.231 Thread 0x000000005672f800 Uncommon trap: reason=intrinsic action=make_not_entrant pc=0x0000000003c10254 method=com.sun.prism.impl.ps.BaseShaderGraphics.drawString(Lcom/sun/javafx/scene/text/GlyphList;Lcom/sun/javafx/font/FontStrike;FFLcom/sun/prism/paint/Color;II)V @ 546
Event: 117.546 Thread 0x000000005672f800 Uncommon trap: reason=intrinsic action=make_not_entrant pc=0x0000000002e28fa4 method=com.sun.prism.impl.ps.BaseShaderGraphics.drawString(Lcom/sun/javafx/scene/text/GlyphList;Lcom/sun/javafx/font/FontStrike;FFLcom/sun/prism/paint/Color;II)V @ 559
Event: 125.140 Thread 0x000000005672f800 Uncommon trap: reason=intrinsic action=make_not_entrant pc=0x0000000003c41ea8 method=com.sun.prism.impl.ps.BaseShaderGraphics.drawString(Lcom/sun/javafx/scene/text/GlyphList;Lcom/sun/javafx/font/FontStrike;FFLcom/sun/prism/paint/Color;II)V @ 572
Event: 130.605 Thread 0x0000000057d6b800 Uncommon trap: reason=unstable_if action=reinterpret pc=0x00000000037cb6d8 method=javafx.scene.CssStyleHelper.transitionToState(Ljavafx/scene/Node;)V @ 684
Event: 131.786 Thread 0x0000000057d6b800 Uncommon trap: reason=unstable_if action=reinterpret pc=0x00000000031f1e84 method=com.sun.javafx.geom.transform.Translate2D.isIdentity()Z @ 15

Internal exceptions (10 events):
Event: 4.211 Thread 0x0000000057d6b800 Exception <a 'java/lang/ArrayIndexOutOfBoundsException': 52> (0x00000000ec700d00) thrown at [C:\re\workspace\8-2-build-windows-amd64-cygwin\jdk8u71\5731\hotspot\src\share\vm\interpreter\interpreterRuntime.cpp, line 366]
Event: 4.211 Thread 0x0000000057d6b800 Exception <a 'java/lang/ArrayIndexOutOfBoundsException': 114> (0x00000000ec702458) thrown at [C:\re\workspace\8-2-build-windows-amd64-cygwin\jdk8u71\5731\hotspot\src\share\vm\interpreter\interpreterRuntime.cpp, line 366]
Event: 4.230 Thread 0x0000000057d6b800 Exception <a 'java/lang/ArrayIndexOutOfBoundsException': 58> (0x00000000ec74cd28) thrown at [C:\re\workspace\8-2-build-windows-amd64-cygwin\jdk8u71\5731\hotspot\src\share\vm\interpreter\interpreterRuntime.cpp, line 366]
Event: 4.249 Thread 0x0000000057d6b800 Exception <a 'java/lang/ArrayIndexOutOfBoundsException': 57> (0x00000000ec784040) thrown at [C:\re\workspace\8-2-build-windows-amd64-cygwin\jdk8u71\5731\hotspot\src\share\vm\interpreter\interpreterRuntime.cpp, line 366]
Event: 4.386 Thread 0x0000000057d6b800 Exception <a 'java/lang/ClassNotFoundException': org/springframework/jdbc/datasource/DataSourceTransactionManagerBeanInfo> (0x00000000eca40390) thrown at [C:\re\workspace\8-2-build-windows-amd64-cygwin\jdk8u71\5731\hotspot\src\share\vm\classfile\systemDictπãü’2å@
Event: 4.387 Thread 0x0000000057d6b800 Exception <a 'java/lang/ClassNotFoundException': org/springframework/transaction/support/AbstractPlatformTransactionManagerBeanInfo> (0x00000000eca5a000) thrown at [C:\re\workspace\8-2-build-windows-amd64-cygwin\jdk8u71\5731\hotspot\src\share\vm\classfile\Ö‚‡`ç@
Event: 4.388 Thread 0x0000000057d6b800 Exception <a 'java/lang/ClassNotFoundException': org/springframework/transaction/support/AbstractPlatformTransactionManagerCustomizer> (0x00000000eca74b08) thrown at [C:\re\workspace\8-2-build-windows-amd64-cygwin\jdk8u71\5731\hotspot\src\share\vm\classfilû∂‡¿ië@
Event: 4.392 Thread 0x0000000057d6b800 Exception <a 'java/lang/ClassNotFoundException': org/springframework/jdbc/datasource/DataSourceTransactionManagerCustomizer> (0x00000000ecaa55b0) thrown at [C:\re\workspace\8-2-build-windows-amd64-cygwin\jdk8u71\5731\hotspot\src\share\vm\classfile\systemDi{‹ıTï¢@
Event: 4.409 Thread 0x0000000057d6b800 Implicit null exception at 0x0000000002de464c to 0x0000000002de4acd
Event: 5.556 Thread 0x0000000057d6b800 Implicit null exception at 0x00000000033f44de to 0x00000000033f5339

Events (10 events):
Event: 131.660 Thread 0x0000000057d6b800 DEOPT UNPACKING pc=0x0000000002b5787f sp=0x0000000058bec600 mode 0
Event: 131.704 Executing VM operation: ForceSafepoint
Event: 131.705 Executing VM operation: ForceSafepoint done
Event: 131.710 Thread 0x0000000057d6b800 DEOPT PACKING pc=0x0000000003c5a19a sp=0x0000000058bec860
Event: 131.710 Thread 0x0000000057d6b800 DEOPT UNPACKING pc=0x0000000002b5787f sp=0x0000000058bec780 mode 0
Event: 131.786 Thread 0x0000000057d6b800 Uncommon trap: trap_request=0xffffff65 fr.pc=0x00000000031f1e84
Event: 131.786 Thread 0x0000000057d6b800 DEOPT PACKING pc=0x00000000031f1e84 sp=0x0000000058bed400
Event: 131.786 Thread 0x0000000057d6b800 DEOPT UNPACKING pc=0x0000000002b5582a sp=0x0000000058bed338 mode 2
Event: 253.352 Executing VM operation: RedefineClasses
Event: 253.432 Executing VM operation: RedefineClasses done


Dynamic libraries:
0x000000013fea0000 - 0x000000013fed7000 	C:\Program Files\Java\jre1.8.0_71\bin\javaw.exe
0x0000000077c50000 - 0x0000000077dfa000 	C:\Windows\SYSTEM32\ntdll.dll
0x0000000077b30000 - 0x0000000077c4f000 	C:\Windows\system32\kernel32.dll
0x000007fefdd20000 - 0x000007fefdd8b000 	C:\Windows\system32\KERNELBASE.dll
0x00000000756e0000 - 0x0000000075767000 	C:\Windows\System32\SYSFER.DLL
0x000007fefe2c0000 - 0x000007fefe39b000 	C:\Windows\system32\ADVAPI32.dll
0x000007fefdd90000 - 0x000007fefde2f000 	C:\Windows\system32\msvcrt.dll
0x000007feff750000 - 0x000007feff76f000 	C:\Windows\SYSTEM32\sechost.dll
0x000007fefe190000 - 0x000007fefe2bd000 	C:\Windows\system32\RPCRT4.dll
0x0000000077a30000 - 0x0000000077b2a000 	C:\Windows\system32\USER32.dll
0x000007fefe010000 - 0x000007fefe077000 	C:\Windows\system32\GDI32.dll
0x000007fefe3a0000 - 0x000007fefe3ae000 	C:\Windows\system32\LPK.dll
0x000007feff680000 - 0x000007feff74a000 	C:\Windows\system32\USP10.dll
0x000007fefc030000 - 0x000007fefc224000 	C:\Windows\WinSxS\amd64_microsoft.windows.common-controls_6595b64144ccf1df_6.0.7601.18837_none_fa3b1e3d17594757\COMCTL32.dll
0x000007feff480000 - 0x000007feff4f1000 	C:\Windows\system32\SHLWAPI.dll
0x000007fefe430000 - 0x000007fefe45e000 	C:\Windows\system32\IMM32.DLL
0x000007fefe080000 - 0x000007fefe189000 	C:\Windows\system32\MSCTF.dll
0x0000000078d30000 - 0x0000000078e02000 	C:\Program Files\Java\jre1.8.0_71\bin\msvcr100.dll
0x000000006fb90000 - 0x000000007041f000 	C:\Program Files\Java\jre1.8.0_71\bin\server\jvm.dll
0x000007fef9870000 - 0x000007fef9879000 	C:\Windows\system32\WSOCK32.dll
0x000007feffd80000 - 0x000007feffdcd000 	C:\Windows\system32\WS2_32.dll
0x000007feffa00000 - 0x000007feffa08000 	C:\Windows\system32\NSI.dll
0x000007fefba50000 - 0x000007fefba8b000 	C:\Windows\system32\WINMM.dll
0x000007fefcab0000 - 0x000007fefcabc000 	C:\Windows\system32\VERSION.dll
0x0000000077e10000 - 0x0000000077e17000 	C:\Windows\system32\PSAPI.DLL
0x00000000716d0000 - 0x00000000716df000 	C:\Program Files\Java\jre1.8.0_71\bin\verify.dll
0x00000000713d0000 - 0x00000000713f9000 	C:\Program Files\Java\jre1.8.0_71\bin\java.dll
0x000000006d6a0000 - 0x000000006d6d5000 	C:\Program Files\Java\jre1.8.0_71\bin\jdwp.dll
0x00000000712f0000 - 0x00000000712f8000 	C:\Program Files\Java\jre1.8.0_71\bin\npt.dll
0x00000000716b0000 - 0x00000000716c6000 	C:\Program Files\Java\jre1.8.0_71\bin\zip.dll
0x000007fefe460000 - 0x000007feff1e9000 	C:\Windows\system32\SHELL32.dll
0x000007feff7d0000 - 0x000007feff9d3000 	C:\Windows\system32\ole32.dll
0x000007fefd9d0000 - 0x000007fefd9df000 	C:\Windows\system32\profapi.dll
0x0000000070460000 - 0x0000000070469000 	C:\Program Files\Java\jre1.8.0_71\bin\dt_socket.dll
0x000007fefb7c0000 - 0x000007fefb7d5000 	C:\Windows\system32\NLAapi.dll
0x000007fef9b90000 - 0x000007fef9ba5000 	C:\Windows\system32\napinsp.dll
0x000007fef9bb0000 - 0x000007fef9bc9000 	C:\Windows\system32\pnrpnsp.dll
0x000007fefd170000 - 0x000007fefd1c5000 	C:\Windows\System32\mswsock.dll
0x000007fefcff0000 - 0x000007fefd04b000 	C:\Windows\system32\DNSAPI.dll
0x000007fef9b80000 - 0x000007fef9b8b000 	C:\Windows\System32\winrnr.dll
0x000007fefb670000 - 0x000007fefb697000 	C:\Windows\system32\IPHLPAPI.DLL
0x000007fefb660000 - 0x000007fefb66b000 	C:\Windows\system32\WINNSI.DLL
0x000007fefb160000 - 0x000007fefb1b3000 	C:\Windows\System32\fwpuclnt.dll
0x000007fef9e70000 - 0x000007fef9e78000 	C:\Windows\system32\rasadhlp.dll
0x000007fefcb80000 - 0x000007fefcb87000 	C:\Windows\System32\wshtcpip.dll
0x000007feee340000 - 0x000007feee42f000 	C:\Program Files\Java\jre1.8.0_71\bin\msvcr120.dll
0x000007feef5c0000 - 0x000007feef666000 	C:\Program Files\Java\jre1.8.0_71\bin\msvcp120.dll
0x00000000001b0000 - 0x00000000001d3000 	C:\Program Files\Java\jre1.8.0_71\bin\prism_d3d.dll
0x000007feeb4b0000 - 0x000007feeb6af000 	C:\Windows\system32\d3d9.dll
0x000007fefb0e0000 - 0x000007fefb0e7000 	C:\Windows\system32\d3d8thk.dll
0x000007fefb620000 - 0x000007fefb638000 	C:\Windows\system32\dwmapi.dll
0x000007fefbfd0000 - 0x000007fefc026000 	C:\Windows\system32\uxtheme.dll
0x000007fee8f80000 - 0x000007fee9b9d000 	C:\Windows\system32\igdumd64.dll
0x000000006c610000 - 0x000000006c653000 	C:\Program Files\Java\jre1.8.0_71\bin\glass.dll
0x000007feff500000 - 0x000007feff597000 	C:\Windows\system32\COMDLG32.dll
0x000007feff5a0000 - 0x000007feff677000 	C:\Windows\system32\OLEAUT32.dll
0x000007fefd870000 - 0x000007fefd87f000 	C:\Windows\system32\CRYPTBASE.dll
0x0000000000420000 - 0x000000000042d000 	C:\Program Files\Java\jre1.8.0_71\bin\management.dll
0x00000000713b0000 - 0x00000000713ca000 	C:\Program Files\Java\jre1.8.0_71\bin\net.dll
0x000007fefd160000 - 0x000007fefd167000 	C:\Windows\System32\wship6.dll
0x0000000071390000 - 0x00000000713a1000 	C:\Program Files\Java\jre1.8.0_71\bin\nio.dll
0x0000000077fb0000 - 0x0000000077fc4000 	C:\Program Files\Java\jre1.8.0_71\bin\javafx_font.dll
0x000007feef1c0000 - 0x000007feef357000 	C:\Windows\system32\dwrite.dll
0x000007feffce0000 - 0x000007feffd79000 	C:\Windows\system32\CLBCatQ.DLL
0x000007fefb470000 - 0x000007fefb5d1000 	C:\Windows\system32\WindowsCodecs.dll
0x000007fefd810000 - 0x000007fefd867000 	C:\Windows\system32\apphelp.dll
0x000007fef4210000 - 0x000007fef444d000 	C:\PROGRA~1\MICROS~1\Office15\GROOVEEX.DLL
0x0000000074e70000 - 0x0000000074f08000 	C:\Windows\system32\MSVCP100.dll
0x0000000063810000 - 0x000000006383b000 	C:\Windows\system32\ATL100.DLL
0x000007fef7f30000 - 0x000007fef824e000 	C:\Windows\system32\msi.dll
0x000007fef2390000 - 0x000007fef2c08000 	C:\PROGRA~1\MICROS~1\Office15\1033\GrooveIntlResource.dll
0x000007fef4cc0000 - 0x000007fef4cf5000 	C:\Windows\system32\EhStorShell.dll
0x000007fefde30000 - 0x000007fefe007000 	C:\Windows\system32\SETUPAPI.dll
0x000007fefda00000 - 0x000007fefda36000 	C:\Windows\system32\CFGMGR32.dll
0x000007fefdd00000 - 0x000007fefdd1a000 	C:\Windows\system32\DEVOBJ.dll
0x000007fefc550000 - 0x000007fefc67c000 	C:\Windows\system32\PROPSYS.dll
0x000007fef4190000 - 0x000007fef420e000 	C:\Windows\System32\cscui.dll
0x000007fef4cb0000 - 0x000007fef4cbc000 	C:\Windows\System32\CSCDLL.dll
0x000007fef90a0000 - 0x000007fef90af000 	C:\Windows\system32\CSCAPI.dll
0x000007fef4b90000 - 0x000007fef4bd6000 	C:\Windows\system32\sgn_beshellextn.dll
0x000007fefb1f0000 - 0x000007fefb252000 	C:\Windows\system32\SGMBASEN.dll
0x000007fef4c70000 - 0x000007fef4ca8000 	C:\Windows\system32\SPTBASEN.dll
0x000007fef4940000 - 0x000007fef4949000 	C:\Windows\system32\msiltcfg.dll
0x0000000073100000 - 0x0000000073103000 	C:\Windows\system32\SFC.DLL
0x000007fef9880000 - 0x000007fef9890000 	C:\Windows\system32\sfc_os.DLL
0x000007fef4830000 - 0x000007fef48b0000 	C:\Windows\system32\ntshrui.dll
0x000007fefd570000 - 0x000007fefd593000 	C:\Windows\system32\srvcli.dll
0x000007fefb710000 - 0x000007fefb71b000 	C:\Windows\system32\slc.dll
0x000007fef7b50000 - 0x000007fef7b7d000 	C:\Program Files\Common Files\Microsoft Shared\Ink\rtscom.dll
0x000007fefd210000 - 0x000007fefd228000 	C:\Windows\system32\CRYPTSP.dll
0x000007fefced0000 - 0x000007fefcf17000 	C:\Windows\system32\rsaenh.dll
0x000007fefdbb0000 - 0x000007fefdbce000 	C:\Windows\system32\USERENV.dll
0x000007fefaf90000 - 0x000007fefafa1000 	C:\Windows\system32\dhcpcsvc6.DLL
0x000007fefae40000 - 0x000007fefae58000 	C:\Windows\system32\dhcpcsvc.DLL
0x000000006d580000 - 0x000000006d63d000 	C:\temp\sqlite-3.8.11.2-dd267eaf-c9ba-43b1-837c-60667d3d0727-sqlitejdbc.dll
0x000007feeb860000 - 0x000007feebc24000 	C:\Windows\system32\d2d1.dll
0x000007fef4d20000 - 0x000007fef4ef5000 	C:\Windows\system32\d3d11.dll
0x000007fef4f00000 - 0x000007fef4f5d000 	C:\Windows\system32\dxgi.dll
0x000007feea7c0000 - 0x000007feeaa39000 	C:\Windows\system32\D3D10Warp.dll
0x000007fefdc70000 - 0x000007fefdcab000 	C:\Windows\system32\WINTRUST.dll
0x000007fefda40000 - 0x000007fefdbad000 	C:\Windows\system32\CRYPT32.dll
0x000007fefd9e0000 - 0x000007fefd9ef000 	C:\Windows\system32\MSASN1.dll
0x000000006fab0000 - 0x000000006fac1000 	C:\Program Files\Java\jre1.8.0_71\bin\prism_common.dll
0x000007fef6220000 - 0x000007fef6345000 	C:\Windows\system32\dbghelp.dll

VM Arguments:
jvm_args: -agentlib:jdwp=transport=dt_socket,suspend=y,address=localhost:63162 -Dfile.encoding=Cp1252 
java_command: sol.workers.calendar.main.MainWorkersCalendar
java_class_path (initial): D:\eclipse-java-projects\workersCalendar\target\classes;C:\Users\safeki\.m2\repository\javax\mail\mail\1.4\mail-1.4.jar;C:\Users\safeki\.m2\repository\javax\activation\activation\1.1\activation-1.1.jar;C:\Users\safeki\.m2\repository\javax\inject\javax.inject\1\javax.inject-1.jar;C:\Users\safeki\.m2\repository\javax\validation\validation-api\1.1.0.Final\validation-api-1.1.0.Final.jar;C:\Users\safeki\.m2\repository\log4j\log4j\1.2.17\log4j-1.2.17.jar;C:\Users\safeki\.m2\repository\org\apache\logging\log4j\log4j-api\2.0-rc1\log4j-api-2.0-rc1.jar;C:\Users\safeki\.m2\repository\org\apache\logging\log4j\log4j-core\2.0-rc1\log4j-core-2.0-rc1.jar;C:\Users\safeki\.m2\repository\org\apache\commons\commons-lang3\3.4\commons-lang3-3.4.jar;C:\Users\safeki\.m2\repository\org\springframework\spring-context\4.2.5.RELEASE\spring-context-4.2.5.RELEASE.jar;C:\Users\safeki\.m2\repository\org\springframework\spring-aop\4.2.5.RELEASE\spring-aop-4.2.5.RELEASE.jar;C:\Users\safeki\.m2\repository\aopalliance\aopalliance\1.0\aopalliance-1.0.jar;C:\Users\safeki\.m2\repository\org\springframework\spring-beans\4.2.5.RELEASE\spring-beans-4.2.5.RELEASE.jar;C:\Users\safeki\.m2\repository\org\springframework\spring-core\4.2.5.RELEASE\spring-core-4.2.5.RELEASE.jar;C:\Users\safeki\.m2\repository\commons-logging\commons-logging\1.2\commons-logging-1.2.jar;C:\Users\safeki\.m2\repository\org\springframework\spring-expression\4.2.5.RELEASE\spring-expression-4.2.5.RELEASE.jar;C:\Users\safeki\.m2\repository\org\springframework\spring-jdbc\4.2.5.RELEASE\spring-jdbc-4.2.5.RELEASE.jar;C:\Users\safeki\.m2\repository\org\springframework\spring-tx\4.2.5.RELEASE\spring-tx-4.2.5.RELEASE.jar;C:\Users\safeki\.m2\repository\org\springframework\boot\spring-boot-starter-remote-shell\1.0.0.RELEASE\spring-boot-starter-remote-shell-1.0.0.RELEASE.jar;C:\Users\safeki\.m2\repository\org\springframework\boot\spring-boot-starter-actuator\1.0.0.RELEASE\spring-boot-starter-actuator-1.0.0.RELEASE.jar;C
Launcher Type: SUN_STANDARD

Environment Variables:
JAVA_HOME=C:\Program Files\Java\jdk1.6.0_45
PATH=C:/Program Files/Java/jre1.8.0_71/bin/server;C:/Program Files/Java/jre1.8.0_71/bin;C:/Program Files/Java/jre1.8.0_71/lib/amd64;C:\ProgramData\Oracle\Java\javapath;c:\Program Files (x86)\Intel\iCLS Client\;c:\Program Files\Intel\iCLS Client\;C:\Windows\system32;C:\Windows;C:\Windows\System32\Wbem;C:\Windows\System32\WindowsPowerShell\v1.0\;C:\Program Files (x86)\Lenovo\Access Connections\;C:\Program Files (x86)\Common Files\HP\Digital Imaging\bin;C:\Program Files (x86)\HP\Digital Imaging\bin\;C:\Program Files (x86)\HP\Digital Imaging\bin\Qt\Qt 4.3.3;%JAVA_HOME%\bin;C:\Program Files (x86)\MySQL\MySQL Utilities 1.3.6\;%M2_HOME%\bin;D:\wamp\bin\php\php5.5.12;C:\Program Files\PostgreSQL\9.3\bin;C:\Program Files (x86)\WinSCP\;C:\Program Files\Java\jdk1.7.0_45\jre\bin;c:\Program Files\Intel\Intel(R) Management Engine Components\DAL;c:\Program Files (x86)\Intel\Intel(R) Management Engine Components\DAL;c:\Program Files\Intel\Intel(R) Management Engine Components\IPT;c:\Program Files (x86)\Intel\Intel(R) Management Engine Components\IPT;C:\Program Files\nodejs\;C:\Program Files (x86)\Git\cmd;C:\Program Files (x86)\Git\bin;C:\Program Files\nodejs;C:\Program Files (x86)\Skype\Phone\;C:\Users\safeki\AppData\Roaming\npm;D:\eclipse-mars;
USERNAME=safeki
OS=Windows_NT
PROCESSOR_IDENTIFIER=Intel64 Family 6 Model 58 Stepping 9, GenuineIntel



---------------  S Y S T E M  ---------------

OS: Windows 7 , 64 bit Build 7601 (6.1.7601.19135)

CPU:total 4 (2 cores per cpu, 2 threads per core) family 6 model 58 stepping 9, cmov, cx8, fxsr, mmx, sse, sse2, sse3, ssse3, sse4.1, sse4.2, popcnt, avx, aes, clmul, erms, ht, tsc, tscinvbit, tscinv

Memory: 4k page, physical 3865560k(268780k free), swap 8637904k(900352k free)

vm_info: Java HotSpot(TM) 64-Bit Server VM (25.71-b15) for windows-amd64 JRE (1.8.0_71-b15), built on Dec 22 2015 18:15:55 by "java_re" with MS VC++ 10.0 (VS2010)

time: Wed Mar 09 15:03:38 2016
elapsed time: 253 seconds (0d 0h 4m 13s)

